<?xml version="1.0" encoding="UTF-8"?>
<!-- Generated by org.testng.reporters.JUnitXMLReporter -->
<testsuite ignored="0" hostname="LAPTOP-D5SVVGSV" failures="0" tests="1" name="pending leave requests testcase" time="0.039" errors="0" timestamp="2021-07-23T19:42:43 EDT">
  <testcase classname="commonfunctions.commonfunction" name="@BeforeSuite launch_browser" time="0.047">
    <failure type="java.lang.IllegalStateException" message="The driver executable does not exist: C:\Users\ssr_b\eclipse-workspace\orangeHRM_liveproject\&amp;quot;C:\Users\ssr_b\Downloads\chromedriver_win32\chromedriver.exe&amp;quot;">
      <![CDATA[java.lang.IllegalStateException: The driver executable does not exist: C:\Users\ssr_b\eclipse-workspace\orangeHRM_liveproject\"C:\Users\ssr_b\Downloads\chromedriver_win32\chromedriver.exe"
at com.google.common.base.Preconditions.checkState(Preconditions.java:585)
at org.openqa.selenium.remote.service.DriverService.checkExecutable(DriverService.java:146)
at org.openqa.selenium.remote.service.DriverService.findExecutable(DriverService.java:141)
at org.openqa.selenium.chrome.ChromeDriverService.access$000(ChromeDriverService.java:35)
at org.openqa.selenium.chrome.ChromeDriverService$Builder.findDefaultExecutable(ChromeDriverService.java:159)
at org.openqa.selenium.remote.service.DriverService$Builder.build(DriverService.java:355)
at org.openqa.selenium.chrome.ChromeDriverService.createDefaultService(ChromeDriverService.java:94)
at org.openqa.selenium.chrome.ChromeDriver.<init>(ChromeDriver.java:123)
at commonfunctions.commonfunction.launch_browser(commonfunction.java:38)
... Removed 19 stack frames]]>
    </failure>
  </testcase> <!-- @BeforeSuite launch_browser -->
  <testcase classname="testcases.test_pending_leave_request" name="verifyPendingLeaveRquests" time="0.0">
    <skipped/>
  </testcase> <!-- verifyPendingLeaveRquests -->
</testsuite> <!-- pending leave requests testcase -->
